[2012-08-30 20:11:13] request.ERROR: Symfony\Component\HttpKernel\Exception\NotFoundHttpException: No route found for "GET /css/bootstrap.min.css" (uncaught exception) at /home/jamesjwu/public_html/gre/vendor/symfony/symfony/src/Symfony/Component/HttpKernel/EventListener/RouterListener.php line 92 [] []
[2012-08-30 20:11:43] request.ERROR: Symfony\Component\HttpKernel\Exception\NotFoundHttpException: No route found for "GET /css/bootstrap.min.css" (uncaught exception) at /home/jamesjwu/public_html/gre/vendor/symfony/symfony/src/Symfony/Component/HttpKernel/EventListener/RouterListener.php line 92 [] []
[2012-08-30 20:33:03] request.ERROR: Symfony\Component\HttpKernel\Exception\NotFoundHttpException: No route found for "GET /bundles/GREReview/css/bootstrap.min.css" (uncaught exception) at /home/jamesjwu/public_html/gre/app/cache/prod/classes.php line 5713 [] []
[2012-08-30 20:33:08] request.ERROR: Symfony\Component\HttpKernel\Exception\NotFoundHttpException: No route found for "GET /bundles/GREReview/css/bootstrap.min.css" (uncaught exception) at /home/jamesjwu/public_html/gre/app/cache/prod/classes.php line 5713 [] []
[2012-08-30 20:37:27] request.ERROR: Symfony\Component\HttpKernel\Exception\NotFoundHttpException: No route found for "GET /bundles/GREReview/css/bootstrap.min.css" (uncaught exception) at /home/jamesjwu/public_html/gre/app/cache/prod/classes.php line 5713 [] []
[2012-08-30 20:37:44] request.ERROR: Symfony\Component\HttpKernel\Exception\NotFoundHttpException: No route found for "GET /..bundles/GREReview/css/bootstrap.min.css" (uncaught exception) at /home/jamesjwu/public_html/gre/app/cache/prod/classes.php line 5713 [] []
[2012-08-30 20:50:55] request.ERROR: Symfony\Component\HttpKernel\Exception\NotFoundHttpException: No route found for "GET /bootstrap/css/bootstrap.min.css" (uncaught exception) at /home/jamesjwu/public_html/gre/app/cache/prod/classes.php line 5713 [] []
[2012-08-30 20:51:22] request.ERROR: Symfony\Component\HttpKernel\Exception\NotFoundHttpException: No route found for "GET /bootstrap/css/bootstrap.min.css" (uncaught exception) at /home/jamesjwu/public_html/gre/app/cache/prod/classes.php line 5713 [] []
[2012-08-30 20:56:44] request.ERROR: Symfony\Component\HttpKernel\Exception\NotFoundHttpException: No route found for "GET /bootstrap/css/bootstrap.min.css" (uncaught exception) at /home/jamesjwu/public_html/gre/app/cache/prod/classes.php line 5713 [] []
[2012-08-30 20:57:07] request.ERROR: Symfony\Component\HttpKernel\Exception\NotFoundHttpException: No route found for "GET /bootstrap/css/bootstrap.min.css" (uncaught exception) at /home/jamesjwu/public_html/gre/app/cache/prod/classes.php line 5713 [] []
[2012-08-30 21:00:17] request.ERROR: Symfony\Component\HttpKernel\Exception\NotFoundHttpException: No route found for "GET /bundles/bootstrap/css/bootstrap.min.css" (uncaught exception) at /home/jamesjwu/public_html/gre/app/cache/prod/classes.php line 5713 [] []
[2012-08-30 21:00:21] request.ERROR: Symfony\Component\HttpKernel\Exception\NotFoundHttpException: No route found for "GET /bundles/bootstrap/css/bootstrap.min.css" (uncaught exception) at /home/jamesjwu/public_html/gre/app/cache/prod/classes.php line 5713 [] []
[2012-08-30 21:00:25] request.ERROR: Symfony\Component\HttpKernel\Exception\NotFoundHttpException: No route found for "GET /bundles/bootstrap/css/bootstrap.min.css" (uncaught exception) at /home/jamesjwu/public_html/gre/app/cache/prod/classes.php line 5713 [] []
[2012-08-30 21:03:27] request.ERROR: Symfony\Component\HttpKernel\Exception\NotFoundHttpException: No route found for "GET /bundles/bootstrap/css/css/bootstrap.min.css" (uncaught exception) at /home/jamesjwu/public_html/gre/app/cache/prod/classes.php line 5713 [] []
[2012-08-30 21:03:31] request.ERROR: Symfony\Component\HttpKernel\Exception\NotFoundHttpException: No route found for "GET /bundles/bootstrap/css/css/bootstrap.min.css" (uncaught exception) at /home/jamesjwu/public_html/gre/app/cache/prod/classes.php line 5713 [] []
[2012-08-30 21:04:39] request.ERROR: Symfony\Component\HttpKernel\Exception\NotFoundHttpException: No route found for "GET /bundles/bootstrap/js/bootstrap.min.js" (uncaught exception) at /home/jamesjwu/public_html/gre/app/cache/prod/classes.php line 5713 [] []
[2012-08-30 21:04:41] request.ERROR: Symfony\Component\HttpKernel\Exception\NotFoundHttpException: No route found for "GET /bundles/bootstrap/js/bootstrap.min.js" (uncaught exception) at /home/jamesjwu/public_html/gre/app/cache/prod/classes.php line 5713 [] []
[2012-08-31 01:21:36] request.ERROR: Symfony\Component\HttpKernel\Exception\NotFoundHttpException: No route found for "GET /" (uncaught exception) at /home/jamesjwu/public_html/gre/app/cache/prod/classes.php line 5713 [] []
[2012-08-31 01:21:37] request.ERROR: Symfony\Component\HttpKernel\Exception\NotFoundHttpException: No route found for "GET /favicon.ico" (uncaught exception) at /home/jamesjwu/public_html/gre/app/cache/prod/classes.php line 5713 [] []
[2012-08-31 01:40:39] request.ERROR: Symfony\Component\HttpKernel\Exception\NotFoundHttpException: No route found for "GET /" (uncaught exception) at /home/jamesjwu/public_html/gre/app/cache/prod/classes.php line 5713 [] []
[2012-08-31 01:41:56] request.ERROR: Symfony\Component\HttpKernel\Exception\NotFoundHttpException: No route found for "GET /" (uncaught exception) at /home/jamesjwu/public_html/gre/app/cache/prod/classes.php line 5713 [] []
[2012-08-31 01:42:02] request.ERROR: Symfony\Component\HttpKernel\Exception\NotFoundHttpException: No route found for "GET /" (uncaught exception) at /home/jamesjwu/public_html/gre/app/cache/prod/classes.php line 5713 [] []
[2012-08-31 01:42:37] request.ERROR: Symfony\Component\HttpKernel\Exception\NotFoundHttpException: No route found for "GET /" (uncaught exception) at /home/jamesjwu/public_html/gre/app/cache/prod/classes.php line 5713 [] []
[2012-08-31 01:47:43] request.ERROR: Symfony\Component\HttpKernel\Exception\NotFoundHttpException: No route found for "GET /index.php" (uncaught exception) at /home/jamesjwu/public_html/gre/app/cache/prod/classes.php line 5713 [] []
[2012-08-31 01:47:45] request.ERROR: Symfony\Component\HttpKernel\Exception\NotFoundHttpException: No route found for "GET /" (uncaught exception) at /home/jamesjwu/public_html/gre/app/cache/prod/classes.php line 5713 [] []
[2012-08-31 01:49:48] request.ERROR: Symfony\Component\HttpKernel\Exception\NotFoundHttpException: No route found for "GET /" (uncaught exception) at /home/jamesjwu/public_html/gre/app/cache/prod/classes.php line 5713 [] []
[2012-08-31 01:51:23] request.ERROR: Symfony\Component\HttpKernel\Exception\NotFoundHttpException: No route found for "GET /" (uncaught exception) at /home/jamesjwu/public_html/gre/app/cache/prod/classes.php line 5713 [] []
[2012-08-31 01:51:53] request.ERROR: Symfony\Component\HttpKernel\Exception\NotFoundHttpException: No route found for "GET /" (uncaught exception) at /home/jamesjwu/public_html/gre/app/cache/prod/classes.php line 5713 [] []
[2012-08-31 01:55:28] request.ERROR: Symfony\Component\HttpKernel\Exception\NotFoundHttpException: No route found for "GET /" (uncaught exception) at /home/jamesjwu/public_html/gre/app/cache/prod/classes.php line 5713 [] []
[2012-08-31 01:55:30] request.ERROR: Symfony\Component\HttpKernel\Exception\NotFoundHttpException: No route found for "GET /" (uncaught exception) at /home/jamesjwu/public_html/gre/app/cache/prod/classes.php line 5713 [] []
[2012-08-31 01:55:51] request.ERROR: Symfony\Component\HttpKernel\Exception\NotFoundHttpException: No route found for "GET /" (uncaught exception) at /home/jamesjwu/public_html/gre/app/cache/prod/classes.php line 5713 [] []
[2012-08-31 01:55:53] request.ERROR: Symfony\Component\HttpKernel\Exception\NotFoundHttpException: No route found for "GET /" (uncaught exception) at /home/jamesjwu/public_html/gre/app/cache/prod/classes.php line 5713 [] []
[2012-08-31 01:55:55] request.ERROR: Symfony\Component\HttpKernel\Exception\NotFoundHttpException: No route found for "GET /" (uncaught exception) at /home/jamesjwu/public_html/gre/app/cache/prod/classes.php line 5713 [] []
[2012-08-31 01:55:56] request.ERROR: Symfony\Component\HttpKernel\Exception\NotFoundHttpException: No route found for "GET /" (uncaught exception) at /home/jamesjwu/public_html/gre/app/cache/prod/classes.php line 5713 [] []
[2012-08-31 01:56:09] request.ERROR: Symfony\Component\HttpKernel\Exception\NotFoundHttpException: No route found for "GET /" (uncaught exception) at /home/jamesjwu/public_html/gre/app/cache/prod/classes.php line 5713 [] []
[2012-08-31 01:57:49] request.ERROR: Symfony\Component\HttpKernel\Exception\NotFoundHttpException: No route found for "GET /" (uncaught exception) at /home/jamesjwu/public_html/gre/app/cache/prod/classes.php line 5713 [] []
[2012-08-31 02:03:43] request.ERROR: Symfony\Component\HttpKernel\Exception\NotFoundHttpException: No route found for "GET /" (uncaught exception) at /home/jamesjwu/public_html/gre/app/cache/prod/classes.php line 5713 [] []
[2012-08-31 02:03:51] request.ERROR: Symfony\Component\HttpKernel\Exception\NotFoundHttpException: No route found for "GET /" (uncaught exception) at /home/jamesjwu/public_html/gre/app/cache/prod/classes.php line 5713 [] []
[2012-08-31 02:03:59] request.ERROR: Symfony\Component\HttpKernel\Exception\NotFoundHttpException: No route found for "GET /" (uncaught exception) at /home/jamesjwu/public_html/gre/app/cache/prod/classes.php line 5713 [] []
[2012-08-31 02:04:01] request.ERROR: Symfony\Component\HttpKernel\Exception\NotFoundHttpException: No route found for "GET /" (uncaught exception) at /home/jamesjwu/public_html/gre/app/cache/prod/classes.php line 5713 [] []
[2012-08-31 02:05:51] request.ERROR: Symfony\Component\HttpKernel\Exception\NotFoundHttpException: No route found for "GET /" (uncaught exception) at /home/jamesjwu/public_html/gre/app/cache/prod/classes.php line 5713 [] []
[2012-08-31 02:06:02] request.ERROR: Symfony\Component\HttpKernel\Exception\NotFoundHttpException: No route found for "GET /" (uncaught exception) at /home/jamesjwu/public_html/gre/app/cache/prod/classes.php line 5713 [] []
[2012-08-31 02:13:32] request.ERROR: Symfony\Component\HttpKernel\Exception\NotFoundHttpException: No route found for "GET /" (uncaught exception) at /home/jamesjwu/public_html/gre/app/cache/prod/classes.php line 5713 [] []
[2012-08-31 02:14:18] request.ERROR: Symfony\Component\HttpKernel\Exception\NotFoundHttpException: No route found for "GET /" (uncaught exception) at /home/jamesjwu/public_html/gre/app/cache/prod/classes.php line 5713 [] []
[2012-08-31 02:14:20] request.ERROR: Symfony\Component\HttpKernel\Exception\NotFoundHttpException: No route found for "GET /" (uncaught exception) at /home/jamesjwu/public_html/gre/app/cache/prod/classes.php line 5713 [] []
[2012-08-31 02:18:56] request.ERROR: Symfony\Component\HttpKernel\Exception\NotFoundHttpException: No route found for "GET /" (uncaught exception) at /home/jamesjwu/public_html/gre/app/cache/prod/classes.php line 5713 [] []
[2012-08-31 03:37:45] request.ERROR: Symfony\Component\HttpKernel\Exception\NotFoundHttpException: No route found for "GET /" (uncaught exception) at /home/jamesjwu/public_html/gre/app/cache/prod/classes.php line 5713 [] []
[2012-08-31 03:37:50] request.ERROR: Symfony\Component\HttpKernel\Exception\NotFoundHttpException: No route found for "GET /" (uncaught exception) at /home/jamesjwu/public_html/gre/app/cache/prod/classes.php line 5713 [] []
[2012-08-31 03:37:57] request.ERROR: Symfony\Component\HttpKernel\Exception\NotFoundHttpException: No route found for "GET /app" (uncaught exception) at /home/jamesjwu/public_html/gre/app/cache/prod/classes.php line 5713 [] []
[2012-08-31 03:39:56] request.ERROR: Symfony\Component\HttpKernel\Exception\NotFoundHttpException: No route found for "GET /" (uncaught exception) at /home/jamesjwu/public_html/gre/app/cache/prod/classes.php line 5713 [] []
[2012-08-31 03:39:59] request.ERROR: Symfony\Component\HttpKernel\Exception\NotFoundHttpException: No route found for "GET /" (uncaught exception) at /home/jamesjwu/public_html/gre/app/cache/prod/classes.php line 5713 [] []
[2012-08-31 03:40:08] request.ERROR: Symfony\Component\HttpKernel\Exception\NotFoundHttpException: No route found for "GET /app_dev.php" (uncaught exception) at /home/jamesjwu/public_html/gre/app/cache/prod/classes.php line 5713 [] []
[2012-08-31 03:43:55] request.ERROR: Symfony\Component\HttpKernel\Exception\NotFoundHttpException: No route found for "GET /" (uncaught exception) at /home/jamesjwu/public_html/gre/app/cache/prod/classes.php line 5713 [] []
[2012-08-31 03:44:48] request.ERROR: Symfony\Component\HttpKernel\Exception\NotFoundHttpException: No route found for "GET /" (uncaught exception) at /home/jamesjwu/public_html/gre/app/cache/prod/classes.php line 5713 [] []
[2012-08-31 03:44:48] request.ERROR: Symfony\Component\HttpKernel\Exception\NotFoundHttpException: No route found for "GET /" (uncaught exception) at /home/jamesjwu/public_html/gre/app/cache/prod/classes.php line 5713 [] []
[2012-08-31 03:44:51] request.ERROR: Symfony\Component\HttpKernel\Exception\NotFoundHttpException: No route found for "GET /" (uncaught exception) at /home/jamesjwu/public_html/gre/app/cache/prod/classes.php line 5713 [] []
[2012-08-31 03:45:27] request.ERROR: Symfony\Component\HttpKernel\Exception\NotFoundHttpException: No route found for "GET /" (uncaught exception) at /home/jamesjwu/public_html/gre/app/cache/prod/classes.php line 5713 [] []
[2012-08-31 03:45:28] request.ERROR: Symfony\Component\HttpKernel\Exception\NotFoundHttpException: No route found for "GET /" (uncaught exception) at /home/jamesjwu/public_html/gre/app/cache/prod/classes.php line 5713 [] []
[2012-08-31 03:45:43] request.ERROR: Symfony\Component\HttpKernel\Exception\NotFoundHttpException: No route found for "GET /" (uncaught exception) at /home/jamesjwu/public_html/gre/app/cache/prod/classes.php line 5713 [] []
[2012-08-31 03:46:01] request.ERROR: Symfony\Component\HttpKernel\Exception\NotFoundHttpException: No route found for "GET /" (uncaught exception) at /home/jamesjwu/public_html/gre/app/cache/prod/classes.php line 5713 [] []
[2012-08-31 03:46:19] request.ERROR: Symfony\Component\HttpKernel\Exception\NotFoundHttpException: No route found for "GET /" (uncaught exception) at /home/jamesjwu/public_html/gre/app/cache/prod/classes.php line 5713 [] []
[2012-08-31 03:47:31] request.ERROR: Symfony\Component\HttpKernel\Exception\NotFoundHttpException: No route found for "GET /" (uncaught exception) at /home/jamesjwu/public_html/gre/app/cache/prod/classes.php line 5713 [] []
[2012-08-31 03:47:58] request.ERROR: Symfony\Component\HttpKernel\Exception\NotFoundHttpException: No route found for "GET /" (uncaught exception) at /home/jamesjwu/public_html/gre/app/cache/prod/classes.php line 5713 [] []
[2012-08-31 03:48:34] request.ERROR: Symfony\Component\HttpKernel\Exception\NotFoundHttpException: No route found for "GET /" (uncaught exception) at /home/jamesjwu/public_html/gre/app/cache/prod/classes.php line 5713 [] []
[2012-08-31 03:48:34] request.ERROR: Symfony\Component\HttpKernel\Exception\NotFoundHttpException: No route found for "GET /" (uncaught exception) at /home/jamesjwu/public_html/gre/app/cache/prod/classes.php line 5713 [] []
[2012-08-31 03:49:15] request.ERROR: Symfony\Component\HttpKernel\Exception\NotFoundHttpException: No route found for "GET /" (uncaught exception) at /home/jamesjwu/public_html/gre/app/cache/prod/classes.php line 5713 [] []
[2012-08-31 03:49:43] request.ERROR: Symfony\Component\HttpKernel\Exception\NotFoundHttpException: No route found for "GET /" (uncaught exception) at /home/jamesjwu/public_html/gre/app/cache/prod/classes.php line 5713 [] []
[2012-08-31 03:51:45] request.ERROR: Symfony\Component\HttpKernel\Exception\NotFoundHttpException: No route found for "GET /" (uncaught exception) at /home/jamesjwu/public_html/gre/app/cache/prod/classes.php line 5713 [] []
[2012-08-31 03:52:52] request.ERROR: Symfony\Component\HttpKernel\Exception\NotFoundHttpException: No route found for "GET /" (uncaught exception) at /home/jamesjwu/public_html/gre/app/cache/prod/classes.php line 5713 [] []
[2012-08-31 03:55:52] request.ERROR: Symfony\Component\HttpKernel\Exception\NotFoundHttpException: No route found for "GET /" (uncaught exception) at /home/jamesjwu/public_html/gre/app/cache/prod/classes.php line 5713 [] []
[2012-08-31 03:56:34] request.ERROR: Symfony\Component\HttpKernel\Exception\NotFoundHttpException: No route found for "GET /" (uncaught exception) at /home/jamesjwu/public_html/gre/app/cache/prod/classes.php line 5713 [] []
[2012-08-31 03:57:21] request.ERROR: Symfony\Component\HttpKernel\Exception\NotFoundHttpException: No route found for "GET /" (uncaught exception) at /home/jamesjwu/public_html/gre/app/cache/prod/classes.php line 5713 [] []
[2012-08-31 03:57:52] request.ERROR: Symfony\Component\HttpKernel\Exception\NotFoundHttpException: No route found for "GET /" (uncaught exception) at /home/jamesjwu/public_html/gre/app/cache/prod/classes.php line 5713 [] []
[2012-08-31 03:57:54] request.ERROR: Symfony\Component\HttpKernel\Exception\NotFoundHttpException: No route found for "GET /" (uncaught exception) at /home/jamesjwu/public_html/gre/app/cache/prod/classes.php line 5713 [] []
[2012-08-31 04:00:35] request.ERROR: Symfony\Component\HttpKernel\Exception\NotFoundHttpException: No route found for "GET /" (uncaught exception) at /home/jamesjwu/public_html/gre/app/cache/prod/classes.php line 5713 [] []
[2012-08-31 04:00:36] request.ERROR: Symfony\Component\HttpKernel\Exception\NotFoundHttpException: No route found for "GET /" (uncaught exception) at /home/jamesjwu/public_html/gre/app/cache/prod/classes.php line 5713 [] []
[2012-08-31 04:00:36] request.ERROR: Symfony\Component\HttpKernel\Exception\NotFoundHttpException: No route found for "GET /" (uncaught exception) at /home/jamesjwu/public_html/gre/app/cache/prod/classes.php line 5713 [] []
[2012-08-31 04:01:03] request.ERROR: Symfony\Component\HttpKernel\Exception\NotFoundHttpException: No route found for "GET /" (uncaught exception) at /home/jamesjwu/public_html/gre/app/cache/prod/classes.php line 5713 [] []
[2012-08-31 04:01:05] request.ERROR: Symfony\Component\HttpKernel\Exception\NotFoundHttpException: No route found for "GET /" (uncaught exception) at /home/jamesjwu/public_html/gre/app/cache/prod/classes.php line 5713 [] []
[2012-08-31 04:01:40] request.ERROR: Symfony\Component\HttpKernel\Exception\NotFoundHttpException: No route found for "GET /" (uncaught exception) at /home/jamesjwu/public_html/gre/app/cache/prod/classes.php line 5713 [] []
[2012-08-31 04:02:57] request.ERROR: Symfony\Component\HttpKernel\Exception\NotFoundHttpException: No route found for "GET /" (uncaught exception) at /home/jamesjwu/public_html/gre/app/cache/prod/classes.php line 5713 [] []
[2012-08-31 04:06:22] request.ERROR: Symfony\Component\HttpKernel\Exception\NotFoundHttpException: No route found for "GET /" (uncaught exception) at /home/jamesjwu/public_html/gre/app/cache/prod/classes.php line 5713 [] []
[2012-08-31 04:07:21] request.ERROR: Symfony\Component\HttpKernel\Exception\NotFoundHttpException: No route found for "GET /" (uncaught exception) at /home/jamesjwu/public_html/gre/app/cache/prod/classes.php line 5713 [] []
[2012-08-31 04:07:22] request.ERROR: Symfony\Component\HttpKernel\Exception\NotFoundHttpException: No route found for "GET /" (uncaught exception) at /home/jamesjwu/public_html/gre/app/cache/prod/classes.php line 5713 [] []
[2012-08-31 04:07:38] request.ERROR: Symfony\Component\HttpKernel\Exception\NotFoundHttpException: No route found for "GET /" (uncaught exception) at /home/jamesjwu/public_html/gre/app/cache/prod/classes.php line 5713 [] []
[2012-08-31 04:08:52] request.ERROR: Symfony\Component\HttpKernel\Exception\NotFoundHttpException: No route found for "GET /bundles/bootstrap/css/bootstrap.min.css" (uncaught exception) at /home/jamesjwu/public_html/gre/app/cache/prod/classes.php line 5713 [] []
[2012-08-31 04:08:52] request.ERROR: Symfony\Component\HttpKernel\Exception\NotFoundHttpException: No route found for "GET /bundles/bootstrap/css/bootstrap-responsive.min.css" (uncaught exception) at /home/jamesjwu/public_html/gre/app/cache/prod/classes.php line 5713 [] []
[2012-08-31 04:08:52] request.ERROR: Symfony\Component\HttpKernel\Exception\NotFoundHttpException: No route found for "GET /bundles/bootstrap/js/bootstrap.min.js" (uncaught exception) at /home/jamesjwu/public_html/gre/app/cache/prod/classes.php line 5713 [] []
[2012-08-31 04:08:52] request.ERROR: Symfony\Component\HttpKernel\Exception\NotFoundHttpException: No route found for "GET /random" (uncaught exception) at /home/jamesjwu/public_html/gre/app/cache/prod/classes.php line 5713 [] []
[2012-08-31 04:08:52] request.ERROR: Symfony\Component\HttpKernel\Exception\NotFoundHttpException: No route found for "GET /_wdt/50409b43e9b62" (uncaught exception) at /home/jamesjwu/public_html/gre/app/cache/prod/classes.php line 5713 [] []
[2012-08-31 04:09:22] request.ERROR: Symfony\Component\HttpKernel\Exception\NotFoundHttpException: No route found for "GET /bundles/bootstrap/css/bootstrap.min.css" (uncaught exception) at /home/jamesjwu/public_html/gre/app/cache/prod/classes.php line 5713 [] []
[2012-08-31 04:09:22] request.ERROR: Symfony\Component\HttpKernel\Exception\NotFoundHttpException: No route found for "GET /bundles/bootstrap/css/bootstrap-responsive.min.css" (uncaught exception) at /home/jamesjwu/public_html/gre/app/cache/prod/classes.php line 5713 [] []
[2012-08-31 04:09:22] request.ERROR: Symfony\Component\HttpKernel\Exception\NotFoundHttpException: No route found for "GET /bundles/bootstrap/js/bootstrap.min.js" (uncaught exception) at /home/jamesjwu/public_html/gre/app/cache/prod/classes.php line 5713 [] []
[2012-08-31 04:09:23] request.ERROR: Symfony\Component\HttpKernel\Exception\NotFoundHttpException: No route found for "GET /random" (uncaught exception) at /home/jamesjwu/public_html/gre/app/cache/prod/classes.php line 5713 [] []
[2012-08-31 04:09:23] request.ERROR: Symfony\Component\HttpKernel\Exception\NotFoundHttpException: No route found for "GET /_wdt/50409b62a4acc" (uncaught exception) at /home/jamesjwu/public_html/gre/app/cache/prod/classes.php line 5713 [] []
[2012-08-31 04:09:55] request.ERROR: Symfony\Component\HttpKernel\Exception\NotFoundHttpException: No route found for "GET /" (uncaught exception) at /home/jamesjwu/public_html/gre/app/cache/prod/classes.php line 5713 [] []
[2012-08-31 04:09:56] request.ERROR: Symfony\Component\HttpKernel\Exception\NotFoundHttpException: No route found for "GET /" (uncaught exception) at /home/jamesjwu/public_html/gre/app/cache/prod/classes.php line 5713 [] []
[2012-08-31 04:10:30] request.ERROR: Symfony\Component\HttpKernel\Exception\NotFoundHttpException: No route found for "GET /" (uncaught exception) at /home/jamesjwu/public_html/gre/app/cache/prod/classes.php line 5713 [] []
[2012-08-31 04:10:30] request.ERROR: Symfony\Component\HttpKernel\Exception\NotFoundHttpException: No route found for "GET /" (uncaught exception) at /home/jamesjwu/public_html/gre/app/cache/prod/classes.php line 5713 [] []
[2012-08-31 04:10:36] request.ERROR: Symfony\Component\HttpKernel\Exception\NotFoundHttpException: No route found for "GET /gre/app_dev.php" (uncaught exception) at /home/jamesjwu/public_html/gre/app/cache/prod/classes.php line 5713 [] []
[2012-08-31 04:10:50] request.ERROR: Symfony\Component\HttpKernel\Exception\NotFoundHttpException: No route found for "GET /bundles/bootstrap/js/bootstrap.min.js" (uncaught exception) at /home/jamesjwu/public_html/gre/app/cache/prod/classes.php line 5713 [] []
[2012-08-31 04:10:50] request.ERROR: Symfony\Component\HttpKernel\Exception\NotFoundHttpException: No route found for "GET /bundles/bootstrap/css/bootstrap-responsive.min.css" (uncaught exception) at /home/jamesjwu/public_html/gre/app/cache/prod/classes.php line 5713 [] []
[2012-08-31 04:10:50] request.ERROR: Symfony\Component\HttpKernel\Exception\NotFoundHttpException: No route found for "GET /bundles/bootstrap/css/bootstrap.min.css" (uncaught exception) at /home/jamesjwu/public_html/gre/app/cache/prod/classes.php line 5713 [] []
[2012-08-31 04:10:50] request.ERROR: Symfony\Component\HttpKernel\Exception\NotFoundHttpException: No route found for "GET /random" (uncaught exception) at /home/jamesjwu/public_html/gre/app/cache/prod/classes.php line 5713 [] []
[2012-08-31 04:10:50] request.ERROR: Symfony\Component\HttpKernel\Exception\NotFoundHttpException: No route found for "GET /_wdt/50409bb9d52d1" (uncaught exception) at /home/jamesjwu/public_html/gre/app/cache/prod/classes.php line 5713 [] []
[2012-08-31 04:13:35] request.ERROR: Symfony\Component\HttpKernel\Exception\NotFoundHttpException: No route found for "GET /" (uncaught exception) at /home/jamesjwu/public_html/gre/app/cache/prod/classes.php line 5713 [] []
[2012-08-31 04:13:35] request.ERROR: Symfony\Component\HttpKernel\Exception\NotFoundHttpException: No route found for "GET /" (uncaught exception) at /home/jamesjwu/public_html/gre/app/cache/prod/classes.php line 5713 [] []
[2012-08-31 04:15:53] request.ERROR: Symfony\Component\HttpKernel\Exception\NotFoundHttpException: No route found for "GET /bundles/bootstrap/css/bootstrap.min.css" (uncaught exception) at /home/jamesjwu/public_html/gre/app/cache/prod/classes.php line 5713 [] []
[2012-08-31 04:15:53] request.ERROR: Symfony\Component\HttpKernel\Exception\NotFoundHttpException: No route found for "GET /bundles/bootstrap/js/bootstrap.min.js" (uncaught exception) at /home/jamesjwu/public_html/gre/app/cache/prod/classes.php line 5713 [] []
[2012-08-31 04:15:53] request.ERROR: Symfony\Component\HttpKernel\Exception\NotFoundHttpException: No route found for "GET /bundles/bootstrap/css/bootstrap-responsive.min.css" (uncaught exception) at /home/jamesjwu/public_html/gre/app/cache/prod/classes.php line 5713 [] []
[2012-08-31 04:15:54] request.ERROR: Symfony\Component\HttpKernel\Exception\NotFoundHttpException: No route found for "GET /random" (uncaught exception) at /home/jamesjwu/public_html/gre/app/cache/prod/classes.php line 5713 [] []
[2012-08-31 04:15:54] request.ERROR: Symfony\Component\HttpKernel\Exception\NotFoundHttpException: No route found for "GET /_wdt/50409ce972837" (uncaught exception) at /home/jamesjwu/public_html/gre/app/cache/prod/classes.php line 5713 [] []
[2012-08-31 04:16:21] request.ERROR: Symfony\Component\HttpKernel\Exception\NotFoundHttpException: No route found for "GET /bundles/bootstrap/css/bootstrap.min.css" (uncaught exception) at /home/jamesjwu/public_html/gre/app/cache/prod/classes.php line 5713 [] []
[2012-08-31 04:16:56] request.ERROR: Symfony\Component\HttpKernel\Exception\NotFoundHttpException: No route found for "GET /404.shtmlapp_dev.php" (uncaught exception) at /home/jamesjwu/public_html/gre/app/cache/prod/classes.php line 5713 [] []
[2012-08-31 04:18:01] request.ERROR: Symfony\Component\HttpKernel\Exception\NotFoundHttpException: No route found for "GET /bundles/bootstrap/css/bootstrap-responsive.min.css" (uncaught exception) at /home/jamesjwu/public_html/gre/app/cache/prod/classes.php line 5713 [] []
[2012-08-31 04:18:01] request.ERROR: Symfony\Component\HttpKernel\Exception\NotFoundHttpException: No route found for "GET /bundles/bootstrap/js/bootstrap.min.js" (uncaught exception) at /home/jamesjwu/public_html/gre/app/cache/prod/classes.php line 5713 [] []
[2012-08-31 04:18:01] request.ERROR: Symfony\Component\HttpKernel\Exception\NotFoundHttpException: No route found for "GET /404.shtmlapp_dev.php" (uncaught exception) at /home/jamesjwu/public_html/gre/app/cache/prod/classes.php line 5713 [] []
[2012-08-31 04:18:01] request.ERROR: Symfony\Component\HttpKernel\Exception\NotFoundHttpException: No route found for "GET /random" (uncaught exception) at /home/jamesjwu/public_html/gre/app/cache/prod/classes.php line 5713 [] []
[2012-08-31 04:18:01] request.ERROR: Symfony\Component\HttpKernel\Exception\NotFoundHttpException: No route found for "GET /_wdt/50409d6948679" (uncaught exception) at /home/jamesjwu/public_html/gre/app/cache/prod/classes.php line 5713 [] []
[2012-08-31 04:18:06] request.ERROR: Symfony\Component\HttpKernel\Exception\NotFoundHttpException: No route found for "GET /404.shtmlapp_dev.php" (uncaught exception) at /home/jamesjwu/public_html/gre/app/cache/prod/classes.php line 5713 [] []
[2012-08-31 04:18:56] request.ERROR: Symfony\Component\HttpKernel\Exception\NotFoundHttpException: No route found for "GET /404.shtmlapp_dev.php" (uncaught exception) at /home/jamesjwu/public_html/gre/app/cache/prod/classes.php line 5713 [] []
[2012-08-31 04:19:12] request.ERROR: Symfony\Component\HttpKernel\Exception\NotFoundHttpException: No route found for "GET /404.shtmlapp_dev.php" (uncaught exception) at /home/jamesjwu/public_html/gre/app/cache/prod/classes.php line 5713 [] []
[2012-08-31 04:19:18] request.ERROR: Symfony\Component\HttpKernel\Exception\NotFoundHttpException: No route found for "GET /404.shtmlapp_dev.php" (uncaught exception) at /home/jamesjwu/public_html/gre/app/cache/prod/classes.php line 5713 [] []
[2012-08-31 04:19:41] request.ERROR: Symfony\Component\HttpKernel\Exception\NotFoundHttpException: No route found for "GET /404.shtmlapp_dev.php" (uncaught exception) at /home/jamesjwu/public_html/gre/app/cache/prod/classes.php line 5713 [] []
[2012-08-31 04:20:56] request.ERROR: Symfony\Component\HttpKernel\Exception\NotFoundHttpException: No route found for "GET /404.shtmlapp_dev.php" (uncaught exception) at /home/jamesjwu/public_html/gre/app/cache/prod/classes.php line 5713 [] []
[2012-08-31 04:22:55] request.ERROR: Symfony\Component\HttpKernel\Exception\NotFoundHttpException: No route found for "GET /404.shtmlapp_dev.php" (uncaught exception) at /home/jamesjwu/public_html/gre/app/cache/prod/classes.php line 5713 [] []
[2012-08-31 04:22:58] request.ERROR: Symfony\Component\HttpKernel\Exception\NotFoundHttpException: No route found for "GET /404.shtmlapp_dev.php" (uncaught exception) at /home/jamesjwu/public_html/gre/app/cache/prod/classes.php line 5713 [] []
[2012-08-31 04:23:27] request.ERROR: Symfony\Component\HttpKernel\Exception\NotFoundHttpException: No route found for "GET /bundles/bootstrap/css/bootstrap-responsive.min.css" (uncaught exception) at /home/jamesjwu/public_html/gre/app/cache/prod/classes.php line 5713 [] []
[2012-08-31 04:23:27] request.ERROR: Symfony\Component\HttpKernel\Exception\NotFoundHttpException: No route found for "GET /bundles/bootstrap/js/bootstrap.min.js" (uncaught exception) at /home/jamesjwu/public_html/gre/app/cache/prod/classes.php line 5713 [] []
[2012-08-31 04:23:27] request.ERROR: Symfony\Component\HttpKernel\Exception\NotFoundHttpException: No route found for "GET /404.shtmlapp_dev.php" (uncaught exception) at /home/jamesjwu/public_html/gre/app/cache/prod/classes.php line 5713 [] []
[2012-08-31 04:23:27] request.ERROR: Symfony\Component\HttpKernel\Exception\NotFoundHttpException: No route found for "GET /random" (uncaught exception) at /home/jamesjwu/public_html/gre/app/cache/prod/classes.php line 5713 [] []
[2012-08-31 04:23:27] request.ERROR: Symfony\Component\HttpKernel\Exception\NotFoundHttpException: No route found for "GET /_wdt/50409eaf0a498" (uncaught exception) at /home/jamesjwu/public_html/gre/app/cache/prod/classes.php line 5713 [] []
[2012-08-31 04:23:36] request.ERROR: Symfony\Component\HttpKernel\Exception\NotFoundHttpException: No route found for "GET /404.shtmlapp_dev.php" (uncaught exception) at /home/jamesjwu/public_html/gre/app/cache/prod/classes.php line 5713 [] []
[2012-08-31 04:23:54] request.ERROR: Symfony\Component\HttpKernel\Exception\NotFoundHttpException: No route found for "GET /404.shtmlapp_dev.php" (uncaught exception) at /home/jamesjwu/public_html/gre/app/cache/prod/classes.php line 5713 [] []
[2012-08-31 04:26:04] request.ERROR: Symfony\Component\HttpKernel\Exception\NotFoundHttpException: No route found for "GET /bundles/bootstrap/css/bootstrap-responsive.min.css" (uncaught exception) at /home/jamesjwu/public_html/gre/app/cache/prod/classes.php line 5713 [] []
[2012-08-31 04:26:04] request.ERROR: Symfony\Component\HttpKernel\Exception\NotFoundHttpException: No route found for "GET /bundles/bootstrap/js/bootstrap.min.js" (uncaught exception) at /home/jamesjwu/public_html/gre/app/cache/prod/classes.php line 5713 [] []
[2012-08-31 04:26:04] request.ERROR: Symfony\Component\HttpKernel\Exception\NotFoundHttpException: No route found for "GET /404.shtmlapp_dev.php" (uncaught exception) at /home/jamesjwu/public_html/gre/app/cache/prod/classes.php line 5713 [] []
[2012-08-31 04:26:05] request.ERROR: Symfony\Component\HttpKernel\Exception\NotFoundHttpException: No route found for "GET /random" (uncaught exception) at /home/jamesjwu/public_html/gre/app/cache/prod/classes.php line 5713 [] []
[2012-08-31 04:26:05] request.ERROR: Symfony\Component\HttpKernel\Exception\NotFoundHttpException: No route found for "GET /_wdt/50409f4ca0ae1" (uncaught exception) at /home/jamesjwu/public_html/gre/app/cache/prod/classes.php line 5713 [] []
[2012-08-31 04:26:09] request.ERROR: Symfony\Component\HttpKernel\Exception\NotFoundHttpException: No route found for "GET /404.shtmlapp_dev.php" (uncaught exception) at /home/jamesjwu/public_html/gre/app/cache/prod/classes.php line 5713 [] []
[2012-08-31 04:26:53] request.ERROR: Symfony\Component\HttpKernel\Exception\NotFoundHttpException: No route found for "GET /404.shtmlapp_dev.php" (uncaught exception) at /home/jamesjwu/public_html/gre/app/cache/prod/classes.php line 5713 [] []
[2012-08-31 04:26:57] request.ERROR: Symfony\Component\HttpKernel\Exception\NotFoundHttpException: No route found for "GET /" (uncaught exception) at /home/jamesjwu/public_html/gre/app/cache/prod/classes.php line 5713 [] []
[2012-08-31 04:27:00] request.ERROR: Symfony\Component\HttpKernel\Exception\NotFoundHttpException: No route found for "GET /404.shtmlapp_dev.php" (uncaught exception) at /home/jamesjwu/public_html/gre/app/cache/prod/classes.php line 5713 [] []
[2012-08-31 04:27:05] request.ERROR: Symfony\Component\HttpKernel\Exception\NotFoundHttpException: No route found for "GET /404.shtmlapp_dev.php" (uncaught exception) at /home/jamesjwu/public_html/gre/app/cache/prod/classes.php line 5713 [] []
[2012-08-31 04:28:09] request.ERROR: Symfony\Component\HttpKernel\Exception\NotFoundHttpException: No route found for "GET /" (uncaught exception) at /home/jamesjwu/public_html/gre/app/cache/prod/classes.php line 5713 [] []
[2012-08-31 04:28:42] request.ERROR: Symfony\Component\HttpKernel\Exception\NotFoundHttpException: No route found for "GET /bundles/bootstrap/css/bootstrap.min.css" (uncaught exception) at /home/jamesjwu/public_html/gre/app/cache/prod/classes.php line 5713 [] []
[2012-08-31 04:29:24] request.ERROR: Symfony\Component\HttpKernel\Exception\NotFoundHttpException: No route found for "GET /" (uncaught exception) at /home/jamesjwu/public_html/gre/app/cache/prod/classes.php line 5713 [] []
[2012-08-31 04:30:51] request.ERROR: Symfony\Component\HttpKernel\Exception\NotFoundHttpException: No route found for "GET /bundles/bootstrap/css/bootstrap.min.css" (uncaught exception) at /home/jamesjwu/public_html/gre/app/cache/prod/classes.php line 5713 [] []
[2012-08-31 04:31:48] request.ERROR: Symfony\Component\HttpKernel\Exception\NotFoundHttpException: No route found for "GET /bundles/bootstrap/css/bootstrap.min.css" (uncaught exception) at /home/jamesjwu/public_html/gre/app/cache/prod/classes.php line 5713 [] []
[2012-08-31 04:31:50] request.ERROR: Symfony\Component\HttpKernel\Exception\NotFoundHttpException: No route found for "GET /bundles/bootstrap/css/bootstrap.min.css" (uncaught exception) at /home/jamesjwu/public_html/gre/app/cache/prod/classes.php line 5713 [] []
[2012-08-31 04:32:33] request.ERROR: Symfony\Component\HttpKernel\Exception\NotFoundHttpException: No route found for "GET /bundles/bootstrap/css/bootstrap.min.css" (uncaught exception) at /home/jamesjwu/public_html/gre/app/cache/prod/classes.php line 5713 [] []
[2012-08-31 04:32:33] request.ERROR: Symfony\Component\HttpKernel\Exception\NotFoundHttpException: No route found for "GET /bundles/bootstrap/css/bootstrap-responsive.min.css" (uncaught exception) at /home/jamesjwu/public_html/gre/app/cache/prod/classes.php line 5713 [] []
[2012-08-31 04:32:33] request.ERROR: Symfony\Component\HttpKernel\Exception\NotFoundHttpException: No route found for "GET /bundles/bootstrap/js/bootstrap.min.js" (uncaught exception) at /home/jamesjwu/public_html/gre/app/cache/prod/classes.php line 5713 [] []
[2012-08-31 04:32:34] request.ERROR: Symfony\Component\HttpKernel\Exception\NotFoundHttpException: No route found for "GET /random" (uncaught exception) at /home/jamesjwu/public_html/gre/app/cache/prod/classes.php line 5713 [] []
[2012-08-31 04:32:34] request.ERROR: Symfony\Component\HttpKernel\Exception\NotFoundHttpException: No route found for "GET /_wdt/5040a0d17db0f" (uncaught exception) at /home/jamesjwu/public_html/gre/app/cache/prod/classes.php line 5713 [] []
[2012-08-31 04:32:37] request.ERROR: Symfony\Component\HttpKernel\Exception\NotFoundHttpException: No route found for "GET /bundles/bootstrap/css/bootstrap.min.css" (uncaught exception) at /home/jamesjwu/public_html/gre/app/cache/prod/classes.php line 5713 [] []
[2012-08-31 04:33:03] request.ERROR: Symfony\Component\HttpKernel\Exception\NotFoundHttpException: No route found for "GET /" (uncaught exception) at /home/jamesjwu/public_html/gre/app/cache/prod/classes.php line 5713 [] []
[2012-08-31 04:34:00] request.ERROR: Symfony\Component\HttpKernel\Exception\NotFoundHttpException: No route found for "GET /bundles/bootstrap/css/bootstrap.min.css" (uncaught exception) at /home/jamesjwu/public_html/gre/app/cache/prod/classes.php line 5713 [] []
[2012-08-31 04:34:00] request.ERROR: Symfony\Component\HttpKernel\Exception\NotFoundHttpException: No route found for "GET /bundles/bootstrap/css/bootstrap-responsive.min.css" (uncaught exception) at /home/jamesjwu/public_html/gre/app/cache/prod/classes.php line 5713 [] []
[2012-08-31 04:34:00] request.ERROR: Symfony\Component\HttpKernel\Exception\NotFoundHttpException: No route found for "GET /bundles/bootstrap/js/bootstrap.min.js" (uncaught exception) at /home/jamesjwu/public_html/gre/app/cache/prod/classes.php line 5713 [] []
[2012-08-31 04:34:01] request.ERROR: Symfony\Component\HttpKernel\Exception\NotFoundHttpException: No route found for "GET /random" (uncaught exception) at /home/jamesjwu/public_html/gre/app/cache/prod/classes.php line 5713 [] []
[2012-08-31 04:34:01] request.ERROR: Symfony\Component\HttpKernel\Exception\NotFoundHttpException: No route found for "GET /_wdt/5040a128a7688" (uncaught exception) at /home/jamesjwu/public_html/gre/app/cache/prod/classes.php line 5713 [] []
[2012-08-31 04:34:15] request.ERROR: Symfony\Component\HttpKernel\Exception\NotFoundHttpException: No route found for "GET /bundles/bootstrap/css/bootstrap.min.css" (uncaught exception) at /home/jamesjwu/public_html/gre/app/cache/prod/classes.php line 5713 [] []
[2012-08-31 04:34:18] request.ERROR: Symfony\Component\HttpKernel\Exception\NotFoundHttpException: No route found for "GET /bundles/bootstrap/css/bootstrap.min.css" (uncaught exception) at /home/jamesjwu/public_html/gre/app/cache/prod/classes.php line 5713 [] []
[2012-08-31 04:34:18] request.ERROR: Symfony\Component\HttpKernel\Exception\NotFoundHttpException: No route found for "GET /bundles/bootstrap/js/bootstrap.min.js" (uncaught exception) at /home/jamesjwu/public_html/gre/app/cache/prod/classes.php line 5713 [] []
[2012-08-31 04:34:18] request.ERROR: Symfony\Component\HttpKernel\Exception\NotFoundHttpException: No route found for "GET /bundles/bootstrap/css/bootstrap-responsive.min.css" (uncaught exception) at /home/jamesjwu/public_html/gre/app/cache/prod/classes.php line 5713 [] []
[2012-08-31 04:34:19] request.ERROR: Symfony\Component\HttpKernel\Exception\NotFoundHttpException: No route found for "GET /random" (uncaught exception) at /home/jamesjwu/public_html/gre/app/cache/prod/classes.php line 5713 [] []
[2012-08-31 04:34:19] request.ERROR: Symfony\Component\HttpKernel\Exception\NotFoundHttpException: No route found for "GET /_wdt/5040a13a9ff5c" (uncaught exception) at /home/jamesjwu/public_html/gre/app/cache/prod/classes.php line 5713 [] []
[2012-08-31 04:34:29] request.ERROR: Symfony\Component\HttpKernel\Exception\NotFoundHttpException: No route found for "GET /" (uncaught exception) at /home/jamesjwu/public_html/gre/app/cache/prod/classes.php line 5713 [] []
[2012-08-31 04:34:43] request.ERROR: Symfony\Component\HttpKernel\Exception\NotFoundHttpException: No route found for "GET /" (uncaught exception) at /home/jamesjwu/public_html/gre/app/cache/prod/classes.php line 5713 [] []
[2012-08-31 04:41:06] request.ERROR: Symfony\Component\HttpKernel\Exception\NotFoundHttpException: No route found for "GET /" (uncaught exception) at /home/jamesjwu/public_html/gre/app/cache/prod/classes.php line 5713 [] []
[2012-08-31 04:44:52] request.ERROR: Symfony\Component\HttpKernel\Exception\NotFoundHttpException: No route found for "GET /app_dev.php" (uncaught exception) at /home/jamesjwu/public_html/gre/app/cache/prod/classes.php line 5713 [] []
[2012-08-31 04:45:02] request.ERROR: Symfony\Component\HttpKernel\Exception\NotFoundHttpException: No route found for "GET /app_dev.php" (uncaught exception) at /home/jamesjwu/public_html/gre/app/cache/prod/classes.php line 5713 [] []
[2012-08-31 04:45:19] request.ERROR: Symfony\Component\HttpKernel\Exception\NotFoundHttpException: No route found for "GET /" (uncaught exception) at /home/jamesjwu/public_html/gre/app/cache/prod/classes.php line 5713 [] []
[2012-08-31 04:45:27] request.ERROR: Symfony\Component\HttpKernel\Exception\NotFoundHttpException: No route found for "GET /" (uncaught exception) at /home/jamesjwu/public_html/gre/app/cache/prod/classes.php line 5713 [] []
[2012-08-31 04:45:36] request.ERROR: Symfony\Component\HttpKernel\Exception\NotFoundHttpException: No route found for "GET /app_dev.php" (uncaught exception) at /home/jamesjwu/public_html/gre/app/cache/prod/classes.php line 5713 [] []
[2012-08-31 04:45:55] request.ERROR: Symfony\Component\HttpKernel\Exception\NotFoundHttpException: No route found for "GET /app_dev.php" (uncaught exception) at /home/jamesjwu/public_html/gre/app/cache/prod/classes.php line 5713 [] []
[2012-08-31 04:46:12] request.ERROR: Symfony\Component\HttpKernel\Exception\NotFoundHttpException: No route found for "GET /app_dev.php" (uncaught exception) at /home/jamesjwu/public_html/gre/app/cache/prod/classes.php line 5713 [] []
[2012-08-31 04:46:23] request.ERROR: Symfony\Component\HttpKernel\Exception\NotFoundHttpException: No route found for "GET /bundles/bootstrap/css/bootstrap-responsive.min.css" (uncaught exception) at /home/jamesjwu/public_html/gre/app/cache/prod/classes.php line 5713 [] []
[2012-08-31 04:46:23] request.ERROR: Symfony\Component\HttpKernel\Exception\NotFoundHttpException: No route found for "GET /bundles/bootstrap/js/bootstrap.min.js" (uncaught exception) at /home/jamesjwu/public_html/gre/app/cache/prod/classes.php line 5713 [] []
[2012-08-31 04:46:23] request.ERROR: Symfony\Component\HttpKernel\Exception\NotFoundHttpException: No route found for "GET /random" (uncaught exception) at /home/jamesjwu/public_html/gre/app/cache/prod/classes.php line 5713 [] []
[2012-08-31 04:46:23] request.ERROR: Symfony\Component\HttpKernel\Exception\NotFoundHttpException: No route found for "GET /_wdt/5040a40ebce9f" (uncaught exception) at /home/jamesjwu/public_html/gre/app/cache/prod/classes.php line 5713 [] []
[2012-08-31 04:46:28] request.ERROR: Symfony\Component\HttpKernel\Exception\NotFoundHttpException: No route found for "GET /bundles/bootstrap/css/bootstrap-responsive.min.css" (uncaught exception) at /home/jamesjwu/public_html/gre/app/cache/prod/classes.php line 5713 [] []
[2012-08-31 04:46:28] request.ERROR: Symfony\Component\HttpKernel\Exception\NotFoundHttpException: No route found for "GET /bundles/bootstrap/js/bootstrap.min.js" (uncaught exception) at /home/jamesjwu/public_html/gre/app/cache/prod/classes.php line 5713 [] []
[2012-08-31 04:46:28] request.ERROR: Symfony\Component\HttpKernel\Exception\NotFoundHttpException: No route found for "GET /random" (uncaught exception) at /home/jamesjwu/public_html/gre/app/cache/prod/classes.php line 5713 [] []
[2012-08-31 04:46:28] request.ERROR: Symfony\Component\HttpKernel\Exception\NotFoundHttpException: No route found for "GET /_wdt/5040a413f3667" (uncaught exception) at /home/jamesjwu/public_html/gre/app/cache/prod/classes.php line 5713 [] []
[2012-08-31 04:46:47] request.ERROR: Symfony\Component\HttpKernel\Exception\NotFoundHttpException: No route found for "GET /bundles/bootstrap/css/bootstrap-responsive.min.css" (uncaught exception) at /home/jamesjwu/public_html/gre/app/cache/prod/classes.php line 5713 [] []
[2012-08-31 04:46:47] request.ERROR: Symfony\Component\HttpKernel\Exception\NotFoundHttpException: No route found for "GET /bundles/bootstrap/js/bootstrap.min.js" (uncaught exception) at /home/jamesjwu/public_html/gre/app/cache/prod/classes.php line 5713 [] []
[2012-08-31 04:46:47] request.ERROR: Symfony\Component\HttpKernel\Exception\NotFoundHttpException: No route found for "GET /random" (uncaught exception) at /home/jamesjwu/public_html/gre/app/cache/prod/classes.php line 5713 [] []
[2012-08-31 04:46:47] request.ERROR: Symfony\Component\HttpKernel\Exception\NotFoundHttpException: No route found for "GET /_wdt/5040a426e6801" (uncaught exception) at /home/jamesjwu/public_html/gre/app/cache/prod/classes.php line 5713 [] []
[2012-08-31 04:46:51] request.ERROR: Symfony\Component\HttpKernel\Exception\NotFoundHttpException: No route found for "GET /_profiler/5040a426e6801" (uncaught exception) at /home/jamesjwu/public_html/gre/app/cache/prod/classes.php line 5713 [] []
[2012-08-31 04:46:57] request.ERROR: Symfony\Component\HttpKernel\Exception\NotFoundHttpException: No route found for "GET /bundles/bootstrap/css/bootstrap-responsive.min.css" (uncaught exception) at /home/jamesjwu/public_html/gre/app/cache/prod/classes.php line 5713 [] []
[2012-08-31 04:46:57] request.ERROR: Symfony\Component\HttpKernel\Exception\NotFoundHttpException: No route found for "GET /bundles/bootstrap/js/bootstrap.min.js" (uncaught exception) at /home/jamesjwu/public_html/gre/app/cache/prod/classes.php line 5713 [] []
[2012-08-31 04:46:57] request.ERROR: Symfony\Component\HttpKernel\Exception\NotFoundHttpException: No route found for "GET /random" (uncaught exception) at /home/jamesjwu/public_html/gre/app/cache/prod/classes.php line 5713 [] []
[2012-08-31 04:46:57] request.ERROR: Symfony\Component\HttpKernel\Exception\NotFoundHttpException: No route found for "GET /_wdt/5040a430dae0e" (uncaught exception) at /home/jamesjwu/public_html/gre/app/cache/prod/classes.php line 5713 [] []
[2012-08-31 04:47:11] request.ERROR: Symfony\Component\HttpKernel\Exception\NotFoundHttpException: No route found for "GET /bundles/bootstrap/css/bootstrap-responsive.min.css" (uncaught exception) at /home/jamesjwu/public_html/gre/app/cache/prod/classes.php line 5713 [] []
[2012-08-31 04:47:19] request.ERROR: Symfony\Component\HttpKernel\Exception\NotFoundHttpException: No route found for "GET /bundles/bootstrap/css/bootstrap-responsive.min.css" (uncaught exception) at /home/jamesjwu/public_html/gre/app/cache/prod/classes.php line 5713 [] []
[2012-08-31 04:47:20] request.ERROR: Symfony\Component\HttpKernel\Exception\NotFoundHttpException: No route found for "GET /bundles/bootstrap/css/bootstrap-responsive.min.css" (uncaught exception) at /home/jamesjwu/public_html/gre/app/cache/prod/classes.php line 5713 [] []
[2012-08-31 04:47:21] request.ERROR: Symfony\Component\HttpKernel\Exception\NotFoundHttpException: No route found for "GET /bundles/bootstrap/css/bootstrap.min.css" (uncaught exception) at /home/jamesjwu/public_html/gre/app/cache/prod/classes.php line 5713 [] []
[2012-08-31 04:47:24] request.ERROR: Symfony\Component\HttpKernel\Exception\NotFoundHttpException: No route found for "GET /bundles/bootstrap/css/bootstrap.min.css" (uncaught exception) at /home/jamesjwu/public_html/gre/app/cache/prod/classes.php line 5713 [] []
[2012-08-31 04:47:29] request.ERROR: Symfony\Component\HttpKernel\Exception\NotFoundHttpException: No route found for "GET /bundles/bootstrap/css/bootstrap-responsive.min.css" (uncaught exception) at /home/jamesjwu/public_html/gre/app/cache/prod/classes.php line 5713 [] []
[2012-08-31 04:47:29] request.ERROR: Symfony\Component\HttpKernel\Exception\NotFoundHttpException: No route found for "GET /bundles/bootstrap/js/bootstrap.min.js" (uncaught exception) at /home/jamesjwu/public_html/gre/app/cache/prod/classes.php line 5713 [] []
[2012-08-31 04:47:29] request.ERROR: Symfony\Component\HttpKernel\Exception\NotFoundHttpException: No route found for "GET /random" (uncaught exception) at /home/jamesjwu/public_html/gre/app/cache/prod/classes.php line 5713 [] []
[2012-08-31 04:47:29] request.ERROR: Symfony\Component\HttpKernel\Exception\NotFoundHttpException: No route found for "GET /_wdt/5040a45147fd5" (uncaught exception) at /home/jamesjwu/public_html/gre/app/cache/prod/classes.php line 5713 [] []
[2012-08-31 04:47:35] request.ERROR: Symfony\Component\HttpKernel\Exception\NotFoundHttpException: No route found for "GET /bundles/bootstrap/css/bootstrap.min.css" (uncaught exception) at /home/jamesjwu/public_html/gre/app/cache/prod/classes.php line 5713 [] []
[2012-08-31 04:47:58] request.ERROR: Symfony\Component\HttpKernel\Exception\NotFoundHttpException: No route found for "GET /" (uncaught exception) at /home/jamesjwu/public_html/gre/app/cache/prod/classes.php line 5713 [] []
[2012-08-31 04:51:19] request.ERROR: Symfony\Component\HttpKernel\Exception\NotFoundHttpException: No route found for "GET /app_dev.php" (uncaught exception) at /home/jamesjwu/public_html/gre/app/cache/prod/classes.php line 5713 [] []
[2012-08-31 04:51:21] request.ERROR: Symfony\Component\HttpKernel\Exception\NotFoundHttpException: No route found for "GET /bundles/bootstrap/css/bootstrap-responsive.min.css" (uncaught exception) at /home/jamesjwu/public_html/gre/app/cache/prod/classes.php line 5713 [] []
[2012-08-31 04:51:21] request.ERROR: Symfony\Component\HttpKernel\Exception\NotFoundHttpException: No route found for "GET /bundles/bootstrap/js/bootstrap.min.js" (uncaught exception) at /home/jamesjwu/public_html/gre/app/cache/prod/classes.php line 5713 [] []
[2012-08-31 04:51:22] request.ERROR: Symfony\Component\HttpKernel\Exception\NotFoundHttpException: No route found for "GET /random" (uncaught exception) at /home/jamesjwu/public_html/gre/app/cache/prod/classes.php line 5713 [] []
[2012-08-31 04:51:22] request.ERROR: Symfony\Component\HttpKernel\Exception\NotFoundHttpException: No route found for "GET /_wdt/5040a5396f792" (uncaught exception) at /home/jamesjwu/public_html/gre/app/cache/prod/classes.php line 5713 [] []
[2012-08-31 04:51:26] request.ERROR: Symfony\Component\HttpKernel\Exception\NotFoundHttpException: No route found for "GET /bundles/bootstrap/css/bootstrap-responsive.min.css" (uncaught exception) at /home/jamesjwu/public_html/gre/app/cache/prod/classes.php line 5713 [] []
[2012-08-31 04:51:26] request.ERROR: Symfony\Component\HttpKernel\Exception\NotFoundHttpException: No route found for "GET /bundles/bootstrap/js/bootstrap.min.js" (uncaught exception) at /home/jamesjwu/public_html/gre/app/cache/prod/classes.php line 5713 [] []
[2012-08-31 04:51:26] request.ERROR: Symfony\Component\HttpKernel\Exception\NotFoundHttpException: No route found for "GET /_wdt/5040a53d9835d" (uncaught exception) at /home/jamesjwu/public_html/gre/app/cache/prod/classes.php line 5713 [] []
[2012-08-31 04:51:26] request.ERROR: Symfony\Component\HttpKernel\Exception\NotFoundHttpException: No route found for "GET /random" (uncaught exception) at /home/jamesjwu/public_html/gre/app/cache/prod/classes.php line 5713 [] []
[2012-08-31 04:51:38] request.ERROR: Symfony\Component\HttpKernel\Exception\NotFoundHttpException: No route found for "GET /bundles/bootstrap/css/bootstrap-responsive.min.css" (uncaught exception) at /home/jamesjwu/public_html/gre/app/cache/prod/classes.php line 5713 [] []
[2012-08-31 04:51:53] request.ERROR: Symfony\Component\HttpKernel\Exception\NotFoundHttpException: No route found for "GET /bundles/bootstrap/css/bootstrap-responsive.min.css" (uncaught exception) at /home/jamesjwu/public_html/gre/app/cache/prod/classes.php line 5713 [] []
[2012-08-31 04:51:53] request.ERROR: Symfony\Component\HttpKernel\Exception\NotFoundHttpException: No route found for "GET /bundles/bootstrap/css/bootstrap-responsive.min.css" (uncaught exception) at /home/jamesjwu/public_html/gre/app/cache/prod/classes.php line 5713 [] []
[2012-08-31 04:51:55] request.ERROR: Symfony\Component\HttpKernel\Exception\NotFoundHttpException: No route found for "GET /bundles/bootstrap/css/bootstrap-responsive.min.css" (uncaught exception) at /home/jamesjwu/public_html/gre/app/cache/prod/classes.php line 5713 [] []
[2012-08-31 04:51:55] request.ERROR: Symfony\Component\HttpKernel\Exception\NotFoundHttpException: No route found for "GET /bundles/bootstrap/js/bootstrap.min.js" (uncaught exception) at /home/jamesjwu/public_html/gre/app/cache/prod/classes.php line 5713 [] []
[2012-08-31 04:51:55] request.ERROR: Symfony\Component\HttpKernel\Exception\NotFoundHttpException: No route found for "GET /random" (uncaught exception) at /home/jamesjwu/public_html/gre/app/cache/prod/classes.php line 5713 [] []
[2012-08-31 04:51:55] request.ERROR: Symfony\Component\HttpKernel\Exception\NotFoundHttpException: No route found for "GET /_wdt/5040a55ae3610" (uncaught exception) at /home/jamesjwu/public_html/gre/app/cache/prod/classes.php line 5713 [] []
[2012-08-31 04:52:01] request.ERROR: Symfony\Component\HttpKernel\Exception\NotFoundHttpException: No route found for "GET /bundles/bootstrap/css/bootstrap.min.css" (uncaught exception) at /home/jamesjwu/public_html/gre/app/cache/prod/classes.php line 5713 [] []
[2012-08-31 04:52:45] request.ERROR: Symfony\Component\HttpKernel\Exception\NotFoundHttpException: No route found for "GET /word" (uncaught exception) at /home/jamesjwu/public_html/gre/app/cache/prod/classes.php line 5713 [] []
[2012-08-31 04:53:14] request.ERROR: Symfony\Component\HttpKernel\Exception\NotFoundHttpException: No route found for "GET /wordapp_dev.php" (uncaught exception) at /home/jamesjwu/public_html/gre/app/cache/prod/classes.php line 5713 [] []
[2012-08-31 10:19:26] request.ERROR: Symfony\Component\HttpKernel\Exception\NotFoundHttpException: No route found for "GET /" (uncaught exception) at /home/jamesjwu/public_html/gre/app/cache/prod/classes.php line 5713 [] []
[2012-08-31 10:37:22] request.ERROR: Symfony\Component\HttpKernel\Exception\NotFoundHttpException: No route found for "GET /" (uncaught exception) at /home/jamesjwu/public_html/gre/app/cache/prod/classes.php line 5713 [] []
[2012-08-31 10:37:26] request.ERROR: Symfony\Component\HttpKernel\Exception\NotFoundHttpException: No route found for "GET /" (uncaught exception) at /home/jamesjwu/public_html/gre/app/cache/prod/classes.php line 5713 [] []
[2012-08-31 10:52:19] request.ERROR: Symfony\Component\HttpKernel\Exception\NotFoundHttpException: No route found for "GET /bundles/bootstrap/css/bootstrap.min.css" (uncaught exception) at /home/jamesjwu/public_html/gre/app/cache/prod/classes.php line 5713 [] []
[2012-08-31 10:52:19] request.ERROR: Symfony\Component\HttpKernel\Exception\NotFoundHttpException: No route found for "GET /bundles/bootstrap/css/bootstrap-responsive.min.css" (uncaught exception) at /home/jamesjwu/public_html/gre/app/cache/prod/classes.php line 5713 [] []
[2012-08-31 10:52:19] request.ERROR: Symfony\Component\HttpKernel\Exception\NotFoundHttpException: No route found for "GET /bundles/bootstrap/js/bootstrap.min.js" (uncaught exception) at /home/jamesjwu/public_html/gre/app/cache/prod/classes.php line 5713 [] []
[2012-08-31 10:52:19] request.ERROR: Symfony\Component\HttpKernel\Exception\NotFoundHttpException: No route found for "GET /random" (uncaught exception) at /home/jamesjwu/public_html/gre/app/cache/prod/classes.php line 5713 [] []
[2012-08-31 10:52:19] request.ERROR: Symfony\Component\HttpKernel\Exception\NotFoundHttpException: No route found for "GET /_wdt/5040f9d33e8d0" (uncaught exception) at /home/jamesjwu/public_html/gre/app/cache/prod/classes.php line 5713 [] []
[2012-08-31 10:52:27] request.ERROR: Symfony\Component\HttpKernel\Exception\NotFoundHttpException: No route found for "GET /bundles/bootstrap/css/bootstrap.min.css" (uncaught exception) at /home/jamesjwu/public_html/gre/app/cache/prod/classes.php line 5713 [] []
[2012-08-31 10:54:04] request.ERROR: Symfony\Component\HttpKernel\Exception\NotFoundHttpException: No route found for "GET /" (uncaught exception) at /home/jamesjwu/public_html/gre/app/cache/prod/classes.php line 5713 [] []
[2012-08-31 10:54:17] request.ERROR: Symfony\Component\HttpKernel\Exception\NotFoundHttpException: No route found for "GET /bundles/bootstrap/css/bootstrap.min.css" (uncaught exception) at /home/jamesjwu/public_html/gre/app/cache/prod/classes.php line 5713 [] []
[2012-08-31 10:54:21] request.ERROR: Symfony\Component\HttpKernel\Exception\NotFoundHttpException: No route found for "GET /bundles/bootstrap/js/bootstrap.min.js" (uncaught exception) at /home/jamesjwu/public_html/gre/app/cache/prod/classes.php line 5713 [] []
[2012-08-31 10:54:21] request.ERROR: Symfony\Component\HttpKernel\Exception\NotFoundHttpException: No route found for "GET /bundles/bootstrap/css/bootstrap.min.css" (uncaught exception) at /home/jamesjwu/public_html/gre/app/cache/prod/classes.php line 5713 [] []
[2012-08-31 10:54:21] request.ERROR: Symfony\Component\HttpKernel\Exception\NotFoundHttpException: No route found for "GET /bundles/bootstrap/css/bootstrap-responsive.min.css" (uncaught exception) at /home/jamesjwu/public_html/gre/app/cache/prod/classes.php line 5713 [] []
[2012-08-31 10:54:21] request.ERROR: Symfony\Component\HttpKernel\Exception\NotFoundHttpException: No route found for "GET /_wdt/5040fa4cd04ff" (uncaught exception) at /home/jamesjwu/public_html/gre/app/cache/prod/classes.php line 5713 [] []
[2012-08-31 10:54:21] request.ERROR: Symfony\Component\HttpKernel\Exception\NotFoundHttpException: No route found for "GET /random" (uncaught exception) at /home/jamesjwu/public_html/gre/app/cache/prod/classes.php line 5713 [] []
[2012-08-31 10:58:17] request.ERROR: Symfony\Component\HttpKernel\Exception\NotFoundHttpException: No route found for "GET /404.shtmlapp_dev.php" (uncaught exception) at /home/jamesjwu/public_html/gre/app/cache/prod/classes.php line 5713 [] []
[2012-08-31 10:59:45] request.ERROR: Symfony\Component\HttpKernel\Exception\NotFoundHttpException: No route found for "GET /random" (uncaught exception) at /home/jamesjwu/public_html/gre/app/cache/prod/classes.php line 5713 [] []
[2012-08-31 10:59:45] request.ERROR: Symfony\Component\HttpKernel\Exception\NotFoundHttpException: No route found for "GET /_wdt/5040fb90cab97" (uncaught exception) at /home/jamesjwu/public_html/gre/app/cache/prod/classes.php line 5713 [] []
[2012-08-31 10:59:55] request.ERROR: Symfony\Component\HttpKernel\Exception\NotFoundHttpException: No route found for "GET /random" (uncaught exception) at /home/jamesjwu/public_html/gre/app/cache/prod/classes.php line 5713 [] []
[2012-08-31 10:59:55] request.ERROR: Symfony\Component\HttpKernel\Exception\NotFoundHttpException: No route found for "GET /_wdt/5040fb9ad15e7" (uncaught exception) at /home/jamesjwu/public_html/gre/app/cache/prod/classes.php line 5713 [] []
[2012-08-31 10:59:56] request.ERROR: Symfony\Component\HttpKernel\Exception\NotFoundHttpException: No route found for "GET /word/" (uncaught exception) at /home/jamesjwu/public_html/gre/app/cache/prod/classes.php line 5713 [] []
[2012-08-31 11:01:12] request.ERROR: Symfony\Component\HttpKernel\Exception\NotFoundHttpException: No route found for "GET /random" (uncaught exception) at /home/jamesjwu/public_html/gre/app/cache/prod/classes.php line 5713 [] []
[2012-08-31 11:01:12] request.ERROR: Symfony\Component\HttpKernel\Exception\NotFoundHttpException: No route found for "GET /_wdt/5040fbe7efa74" (uncaught exception) at /home/jamesjwu/public_html/gre/app/cache/prod/classes.php line 5713 [] []
[2012-08-31 11:01:19] request.ERROR: Symfony\Component\HttpKernel\Exception\NotFoundHttpException: No route found for "GET /random" (uncaught exception) at /home/jamesjwu/public_html/gre/app/cache/prod/classes.php line 5713 [] []
[2012-08-31 11:01:19] request.ERROR: Symfony\Component\HttpKernel\Exception\NotFoundHttpException: No route found for "GET /_wdt/5040fbef5cd7d" (uncaught exception) at /home/jamesjwu/public_html/gre/app/cache/prod/classes.php line 5713 [] []
[2012-08-31 11:01:24] request.ERROR: Symfony\Component\HttpKernel\Exception\NotFoundHttpException: No route found for "GET /random" (uncaught exception) at /home/jamesjwu/public_html/gre/app/cache/prod/classes.php line 5713 [] []
[2012-08-31 11:02:28] request.ERROR: Symfony\Component\HttpKernel\Exception\NotFoundHttpException: No route found for "GET /" (uncaught exception) at /home/jamesjwu/public_html/gre/app/cache/prod/classes.php line 5713 [] []
[2012-08-31 11:02:33] request.ERROR: Symfony\Component\HttpKernel\Exception\NotFoundHttpException: No route found for "GET /random" (uncaught exception) at /home/jamesjwu/public_html/gre/app/cache/prod/classes.php line 5713 [] []
[2012-08-31 11:03:56] request.ERROR: Symfony\Component\HttpKernel\Exception\NotFoundHttpException: No route found for "GET /random" (uncaught exception) at /home/jamesjwu/public_html/gre/app/cache/prod/classes.php line 5713 [] []
[2012-08-31 11:03:56] request.ERROR: Symfony\Component\HttpKernel\Exception\NotFoundHttpException: No route found for "GET /_wdt/5040fc8c83602" (uncaught exception) at /home/jamesjwu/public_html/gre/app/cache/prod/classes.php line 5713 [] []
[2012-08-31 11:04:00] request.ERROR: Symfony\Component\HttpKernel\Exception\NotFoundHttpException: No route found for "GET /bundles/bootstrap/css/bootstrap.min.css" (uncaught exception) at /home/jamesjwu/public_html/gre/app/cache/prod/classes.php line 5713 [] []
[2012-08-31 11:05:48] request.ERROR: Symfony\Component\HttpKernel\Exception\NotFoundHttpException: No route found for "GET /random" (uncaught exception) at /home/jamesjwu/public_html/gre/app/cache/prod/classes.php line 5713 [] []
[2012-08-31 11:05:48] request.ERROR: Symfony\Component\HttpKernel\Exception\NotFoundHttpException: No route found for "GET /_wdt/5040fcfc2f706" (uncaught exception) at /home/jamesjwu/public_html/gre/app/cache/prod/classes.php line 5713 [] []
[2012-08-31 11:06:01] request.ERROR: Symfony\Component\HttpKernel\Exception\NotFoundHttpException: No route found for "GET /_wdt/5040fcfc2f706" (uncaught exception) at /home/jamesjwu/public_html/gre/app/cache/prod/classes.php line 5713 [] []
[2012-08-31 11:06:35] request.ERROR: Symfony\Component\HttpKernel\Exception\NotFoundHttpException: No route found for "GET /random" (uncaught exception) at /home/jamesjwu/public_html/gre/app/cache/prod/classes.php line 5713 [] []
[2012-08-31 11:06:35] request.ERROR: Symfony\Component\HttpKernel\Exception\NotFoundHttpException: No route found for "GET /_wdt/5040fd2ab86ca" (uncaught exception) at /home/jamesjwu/public_html/gre/app/cache/prod/classes.php line 5713 [] []
[2012-08-31 11:06:38] request.ERROR: Symfony\Component\HttpKernel\Exception\NotFoundHttpException: No route found for "GET /random" (uncaught exception) at /home/jamesjwu/public_html/gre/app/cache/prod/classes.php line 5713 [] []
[2012-08-31 11:06:52] request.ERROR: Symfony\Component\HttpKernel\Exception\NotFoundHttpException: No route found for "GET /random" (uncaught exception) at /home/jamesjwu/public_html/gre/app/cache/prod/classes.php line 5713 [] []
[2012-08-31 11:06:54] request.ERROR: Symfony\Component\HttpKernel\Exception\NotFoundHttpException: No route found for "GET /random" (uncaught exception) at /home/jamesjwu/public_html/gre/app/cache/prod/classes.php line 5713 [] []
[2012-08-31 11:06:56] request.ERROR: Symfony\Component\HttpKernel\Exception\NotFoundHttpException: No route found for "GET /random" (uncaught exception) at /home/jamesjwu/public_html/gre/app/cache/prod/classes.php line 5713 [] []
[2012-08-31 11:07:02] request.ERROR: Symfony\Component\HttpKernel\Exception\NotFoundHttpException: No route found for "GET /random" (uncaught exception) at /home/jamesjwu/public_html/gre/app/cache/prod/classes.php line 5713 [] []
[2012-08-31 11:07:16] request.ERROR: Symfony\Component\HttpKernel\Exception\NotFoundHttpException: No route found for "GET /random" (uncaught exception) at /home/jamesjwu/public_html/gre/app/cache/prod/classes.php line 5713 [] []
[2012-08-31 11:07:26] request.ERROR: Symfony\Component\HttpKernel\Exception\NotFoundHttpException: No route found for "GET /random" (uncaught exception) at /home/jamesjwu/public_html/gre/app/cache/prod/classes.php line 5713 [] []
[2012-08-31 11:08:11] request.ERROR: Symfony\Component\HttpKernel\Exception\NotFoundHttpException: No route found for "GET /random" (uncaught exception) at /home/jamesjwu/public_html/gre/app/cache/prod/classes.php line 5713 [] []
[2012-08-31 11:10:24] request.ERROR: Symfony\Component\HttpKernel\Exception\NotFoundHttpException: No route found for "GET /random" (uncaught exception) at /home/jamesjwu/public_html/gre/app/cache/prod/classes.php line 5713 [] []
[2012-08-31 11:12:29] request.ERROR: Symfony\Component\HttpKernel\Exception\NotFoundHttpException: No route found for "GET /random" (uncaught exception) at /home/jamesjwu/public_html/gre/app/cache/prod/classes.php line 5713 [] []
[2012-08-31 11:12:30] request.ERROR: Symfony\Component\HttpKernel\Exception\NotFoundHttpException: No route found for "GET /random" (uncaught exception) at /home/jamesjwu/public_html/gre/app/cache/prod/classes.php line 5713 [] []
[2012-08-31 11:13:28] request.ERROR: Symfony\Component\HttpKernel\Exception\NotFoundHttpException: No route found for "GET /random" (uncaught exception) at /home/jamesjwu/public_html/gre/app/cache/prod/classes.php line 5713 [] []
[2012-08-31 11:13:44] request.ERROR: Symfony\Component\HttpKernel\Exception\NotFoundHttpException: No route found for "GET /random" (uncaught exception) at /home/jamesjwu/public_html/gre/app/cache/prod/classes.php line 5713 [] []
[2012-08-31 11:15:45] request.ERROR: Symfony\Component\HttpKernel\Exception\NotFoundHttpException: No route found for "GET /homepage/about.html" (uncaught exception) at /home/jamesjwu/public_html/gre/app/cache/prod/classes.php line 5713 [] []
[2012-08-31 13:15:51] request.ERROR: Symfony\Component\HttpKernel\Exception\NotFoundHttpException: No route found for "GET /" (uncaught exception) at /home/jamesjwu/public_html/gre/app/cache/prod/classes.php line 5713 [] []
[2012-08-31 18:55:36] request.ERROR: Symfony\Component\HttpKernel\Exception\NotFoundHttpException: No route found for "GET /" (uncaught exception) at /home/jamesjwu/public_html/gre/app/cache/prod/classes.php line 5713 [] []
[2012-08-31 18:56:03] request.ERROR: Symfony\Component\HttpKernel\Exception\NotFoundHttpException: No route found for "GET /" (uncaught exception) at /home/jamesjwu/public_html/gre/app/cache/prod/classes.php line 5713 [] []
[2012-08-31 22:24:29] request.ERROR: Symfony\Component\HttpKernel\Exception\NotFoundHttpException: No route found for "GET /" (uncaught exception) at /home/jamesjwu/public_html/gre/app/cache/prod/classes.php line 5713 [] []
[2012-09-01 02:41:06] request.ERROR: Symfony\Component\HttpKernel\Exception\NotFoundHttpException: No route found for "GET /" (uncaught exception) at /home/jamesjwu/public_html/gre/app/cache/prod/classes.php line 5713 [] []
[2012-09-01 04:25:06] request.ERROR: Symfony\Component\HttpKernel\Exception\NotFoundHttpException: No route found for "GET /wp-login.php" (uncaught exception) at /home/jamesjwu/public_html/gre/app/cache/prod/classes.php line 5713 [] []
[2012-09-02 03:19:02] request.ERROR: Symfony\Component\HttpKernel\Exception\NotFoundHttpException: No route found for "GET /homepage/" (uncaught exception) at /home/jamesjwu/public_html/gre/app/cache/prod/classes.php line 5713 [] []
[2012-09-02 05:09:35] request.ERROR: Symfony\Component\HttpKernel\Exception\NotFoundHttpException: No route found for "GET /" (uncaught exception) at /home/jamesjwu/public_html/gre/app/cache/prod/classes.php line 5713 [] []
[2012-09-02 05:10:02] request.ERROR: Symfony\Component\HttpKernel\Exception\NotFoundHttpException: No route found for "GET /" (uncaught exception) at /home/jamesjwu/public_html/gre/app/cache/prod/classes.php line 5713 [] []
[2012-09-02 05:10:17] request.ERROR: Symfony\Component\HttpKernel\Exception\NotFoundHttpException: No route found for "GET /" (uncaught exception) at /home/jamesjwu/public_html/gre/app/cache/prod/classes.php line 5713 [] []
[2012-09-02 05:22:32] request.ERROR: Symfony\Component\HttpKernel\Exception\NotFoundHttpException: No route found for "GET /" (uncaught exception) at /home/jamesjwu/public_html/gre/app/cache/prod/classes.php line 5713 [] []
[2012-09-02 05:22:49] request.ERROR: Symfony\Component\HttpKernel\Exception\NotFoundHttpException: No route found for "GET /" (uncaught exception) at /home/jamesjwu/public_html/gre/app/cache/prod/classes.php line 5713 [] []
[2012-09-02 05:24:34] request.ERROR: Symfony\Component\HttpKernel\Exception\NotFoundHttpException: No route found for "GET /" (uncaught exception) at /home/jamesjwu/public_html/gre/app/cache/prod/classes.php line 5713 [] []
[2012-09-02 05:24:41] request.ERROR: Symfony\Component\HttpKernel\Exception\NotFoundHttpException: No route found for "GET /" (uncaught exception) at /home/jamesjwu/public_html/gre/app/cache/prod/classes.php line 5713 [] []
[2012-09-02 05:24:51] request.ERROR: Symfony\Component\HttpKernel\Exception\NotFoundHttpException: No route found for "GET /" (uncaught exception) at /home/jamesjwu/public_html/gre/app/cache/prod/classes.php line 5713 [] []
[2012-09-02 05:24:53] request.ERROR: Symfony\Component\HttpKernel\Exception\NotFoundHttpException: No route found for "GET /" (uncaught exception) at /home/jamesjwu/public_html/gre/app/cache/prod/classes.php line 5713 [] []
[2012-09-02 05:25:16] request.ERROR: Symfony\Component\HttpKernel\Exception\NotFoundHttpException: No route found for "GET /" (uncaught exception) at /home/jamesjwu/public_html/gre/app/cache/prod/classes.php line 5713 [] []
[2012-09-02 05:27:58] request.ERROR: Symfony\Component\HttpKernel\Exception\NotFoundHttpException: No route found for "GET /" (uncaught exception) at /home/jamesjwu/public_html/gre/app/cache/prod/classes.php line 5713 [] []
[2012-09-02 05:28:42] request.ERROR: Symfony\Component\HttpKernel\Exception\NotFoundHttpException: No route found for "GET /s" (uncaught exception) at /home/jamesjwu/public_html/gre/app/cache/prod/classes.php line 5713 [] []
[2012-09-02 05:29:27] request.ERROR: Symfony\Component\HttpKernel\Exception\NotFoundHttpException: No route found for "GET /" (uncaught exception) at /home/jamesjwu/public_html/gre/app/cache/prod/classes.php line 5713 [] []
[2012-09-02 05:30:27] request.ERROR: Symfony\Component\HttpKernel\Exception\NotFoundHttpException: No route found for "GET /" (uncaught exception) at /home/jamesjwu/public_html/gre/app/cache/prod/classes.php line 5713 [] []
[2012-09-02 05:40:24] request.ERROR: Symfony\Component\HttpKernel\Exception\NotFoundHttpException: No route found for "GET /" (uncaught exception) at /home/jamesjwu/public_html/gre/app/cache/prod/classes.php line 5713 [] []
[2012-09-02 05:40:24] request.ERROR: Symfony\Component\HttpKernel\Exception\NotFoundHttpException: No route found for "GET /" (uncaught exception) at /home/jamesjwu/public_html/gre/app/cache/prod/classes.php line 5713 [] []
[2012-09-02 05:41:54] request.ERROR: Symfony\Component\HttpKernel\Exception\NotFoundHttpException: No route found for "GET /bundles/" (uncaught exception) at /home/jamesjwu/public_html/gre/app/cache/prod/classes.php line 5713 [] []
[2012-09-02 05:42:28] request.ERROR: Symfony\Component\HttpKernel\Exception\NotFoundHttpException: No route found for "GET /" (uncaught exception) at /home/jamesjwu/public_html/gre/app/cache/prod/classes.php line 5713 [] []
[2012-09-02 05:42:28] request.ERROR: Symfony\Component\HttpKernel\Exception\NotFoundHttpException: No route found for "GET /" (uncaught exception) at /home/jamesjwu/public_html/gre/app/cache/prod/classes.php line 5713 [] []
[2012-09-02 05:42:58] request.ERROR: Symfony\Component\HttpKernel\Exception\NotFoundHttpException: No route found for "GET /" (uncaught exception) at /home/jamesjwu/public_html/gre/app/cache/prod/classes.php line 5713 [] []
[2012-09-02 05:49:07] request.ERROR: Symfony\Component\HttpKernel\Exception\NotFoundHttpException: No route found for "GET /" (uncaught exception) at /home/jamesjwu/public_html/gre/app/cache/prod/classes.php line 5713 [] []
[2012-09-02 05:49:07] request.ERROR: Symfony\Component\HttpKernel\Exception\NotFoundHttpException: No route found for "GET /" (uncaught exception) at /home/jamesjwu/public_html/gre/app/cache/prod/classes.php line 5713 [] []
[2012-09-20 23:45:42] request.ERROR: Symfony\Component\HttpKernel\Exception\NotFoundHttpException: No route found for "GET /about.html" (uncaught exception) at /home/jamesjwu/public_html/gre/app/cache/prod/classes.php line 5713 [] []
[2012-09-21 00:22:04] request.ERROR: Symfony\Component\HttpKernel\Exception\NotFoundHttpException: No route found for "GET /about.html" (uncaught exception) at /home/jamesjwu/public_html/gre/app/cache/prod/classes.php line 5713 [] []
[2012-09-21 18:01:58] request.ERROR: Symfony\Component\HttpKernel\Exception\NotFoundHttpException: No route found for "GET /about.html" (uncaught exception) at /home/jamesjwu/public_html/gre/app/cache/prod/classes.php line 5713 [] []
[2012-10-12 22:05:21] request.ERROR: Symfony\Component\HttpKernel\Exception\NotFoundHttpException: No route found for "GET /about.html" (uncaught exception) at /home/jamesjwu/public_html/gre/app/cache/prod/classes.php line 5713 [] []
[2012-10-12 22:33:58] request.ERROR: Symfony\Component\HttpKernel\Exception\NotFoundHttpException: No route found for "GET /about.html" (uncaught exception) at /home/jamesjwu/public_html/gre/app/cache/prod/classes.php line 5713 [] []
[2012-10-30 08:46:56] request.ERROR: Symfony\Component\HttpKernel\Exception\NotFoundHttpException: No route found for "GET /about.html" (uncaught exception) at /home/jamesjwu/public_html/gre/app/cache/prod/classes.php line 5713 [] []
